  Client Component Browser:
    ./src/app/globals.css [Client Component Browser]
    ./src/app/layout.tsx [Server Component]



./src/app/page.tsx:4:22
Ecmascript file had an error
   2 | import { GraphiqueProvider } from "@/store/graphique-store";
   3 |
>  4 | const GraphiqueApp = dynamic(
     |                      ^^^^^^^^
>  5 |   () => import("@/components/graphique/GraphiqueApp"),
     | ^^^^^^^^^^^^^^^^^^^^^^^^^^^^^^^^^^^^^^^^^^^^^^^^^^^^^^
>  6 |   { ssr: false }
     | ^^^^^^^^^^^^^^^^^^^^^^^^^^^^^^^^^^^^^^^^^^^^^^^^^^^^^^
>  7 | );
     | ^^
   8 |
   9 | export default function Home() {
  10 |   return (

`ssr: false` is not allowed with `next/dynamic` in Server Components. Please mov
e it into a Client Component.



./src/components/graphique/CodeEditor.tsx:73:62
Parsing ecmascript source code failed
  71 |             [/\b(graph|flowchart|sequenceDiagram|classDiagram|stateDiagra
m|erDiagram|gantt|pie|mindmap|gitGraph|xychart)\b/, "keyword"],
  72 |             [/\b(TD|LR|TB|RL|BT|subgraph|end|style|classDef|linkStyle|dir
ection|participant|activate|deactivate|loop|alt|opt|else|Note|title|section|clic
k)\b/, "keyword.control"],
> 73 |             [/\b(-->|---|==>|\.-\.|-\.-|--o|--x|<-->|<--|-->/), "operator
"],
     |                                                              ^
  74 |             [/\[[^\]]*\]/, "string"],
  75 |             [/\([^)]*\)/, "type"],
  76 |             [/\{[^}]*\}/, "tag"],

Expected ',', got ')'

Import trace:
  Client Component Browser:
    ./src/components/graphique/CodeEditor.tsx [Client Component Browser]
    ./src/components/graphique/GraphiqueApp.tsx [Client Component Browser]
    ./src/components/graphique/GraphiqueApp.tsx [Server Component]
    ./src/app/page.tsx [Server Component]



./src/components/graphique/LLMPanel.tsx:37:1
Module not found: Can't resolve '@/components/ui/dropdown-menu'
  35 | import { Input } from "@/components/ui/input";
  36 | import { Textarea } from "@/components/ui/textarea";
> 37 | import {
     | ^^^^^^^^
> 38 |   DropdownMenu,
     | ^^^^^^^^^^^^^^^
> 39 |   DropdownMenuContent,
     | ^^^^^^^^^^^^^^^
> 40 |   DropdownMenuItem,
     | ^^^^^^^^^^^^^^^
> 41 |   DropdownMenuTrigger,
     | ^^^^^^^^^^^^^^^
> 42 | } from "@/components/ui/dropdown-menu";
     | ^^^^^^^^^^^^^^^^^^^^^^^^^^^^^^^^^^^^^^^^
  43 |
  44 | type ChatMessage = { role: "user" | "assistant"; content: string; ts: num
ber };
  45 |

Import map: aliased to relative './src/components/ui/dropdown-menu' inside of [p
roject]/


Import trace:
  Client Component Browser:
    ./src/components/graphique/LLMPanel.tsx [Client Component Browser]
    ./src/components/graphique/GraphiqueApp.tsx [Client Component Browser]
    ./src/components/graphique/GraphiqueApp.tsx [Server Component]
    ./src/app/page.tsx [Server Component]

https://nextjs.org/docs/messages/module-not-found



./src/components/graphique/Toolbar.tsx:42:1
Module not found: Can't resolve '@/components/ui/dropdown-menu'
  40 | } from "lucide-react";
  41 | import { Button } from "@/components/ui/button";
> 42 | import {
     | ^^^^^^^^
> 43 |   DropdownMenu,
     | ^^^^^^^^^^^^^^^
> 44 |   DropdownMenuContent,
     | ^^^^^^^^^^^^^^^
> 45 |   DropdownMenuItem,
     | ^^^^^^^^^^^^^^^
> 46 |   DropdownMenuLabel,
     | ^^^^^^^^^^^^^^^
> 47 |   DropdownMenuSeparator,
     | ^^^^^^^^^^^^^^^
> 48 |   DropdownMenuTrigger,
     | ^^^^^^^^^^^^^^^
> 49 | } from "@/components/ui/dropdown-menu";
     | ^^^^^^^^^^^^^^^^^^^^^^^^^^^^^^^^^^^^^^^^
  50 | import {
  51 |   Tooltip,
  52 |   TooltipContent,

Import map: aliased to relative './src/components/ui/dropdown-menu' inside of [p
roject]/


Import traces:
  Client Component Browser:
    ./src/components/graphique/Toolbar.tsx [Client Component Browser]
    ./src/components/graphique/GraphiqueApp.tsx [Client Component Browser]
    ./src/components/graphique/GraphiqueApp.tsx [Server Component]
    ./src/app/page.tsx [Server Component]

  Client Component SSR:
    ./src/components/graphique/Toolbar.tsx [Client Component SSR]
    ./src/components/graphique/GraphiqueApp.tsx [Client Component SSR]
    ./src/components/graphique/GraphiqueApp.tsx [Server Component]
    ./src/app/page.tsx [Server Component]

https://nextjs.org/docs/messages/module-not-found



./src/components/graphique/LLMPanel.tsx:35:1
Module not found: Can't resolve '@/components/ui/input'
  33 | } from "lucide-react";
  34 | import { Button } from "@/components/ui/button";
> 35 | import { Input } from "@/components/ui/input";
     | ^^^^^^^^^^^^^^^^^^^^^^^^^^^^^^^^^^^^^^^^^^^^^^
  36 | import { Textarea } from "@/components/ui/textarea";
  37 | import {
  38 |   DropdownMenu,

Import map: aliased to relative './src/components/ui/input' inside of [project]/


Import trace:
  Client Component Browser:
    ./src/components/graphique/LLMPanel.tsx [Client Component Browser]
    ./src/components/graphique/GraphiqueApp.tsx [Client Component Browser]
    ./src/components/graphique/GraphiqueApp.tsx [Server Component]
    ./src/app/page.tsx [Server Component]

https://nextjs.org/docs/messages/module-not-found



./src/components/graphique/LLMPanel.tsx:36:1
Module not found: Can't resolve '@/components/ui/textarea'
  34 | import { Button } from "@/components/ui/button";
  35 | import { Input } from "@/components/ui/input";
> 36 | import { Textarea } from "@/components/ui/textarea";
     | ^^^^^^^^^^^^^^^^^^^^^^^^^^^^^^^^^^^^^^^^^^^^^^^^^^^^
  37 | import {
  38 |   DropdownMenu,
  39 |   DropdownMenuContent,

Import map: aliased to relative './src/components/ui/textarea' inside of [projec
t]/


Import trace:
  Client Component Browser:
    ./src/components/graphique/LLMPanel.tsx [Client Component Browser]
    ./src/components/graphique/GraphiqueApp.tsx [Client Component Browser]
    ./src/components/graphique/GraphiqueApp.tsx [Server Component]
    ./src/app/page.tsx [Server Component]

https://nextjs.org/docs/messages/module-not-found



./src/components/graphique/Toolbar.tsx:50:1
Module not found: Can't resolve '@/components/ui/tooltip'
  48 |   DropdownMenuTrigger,
  49 | } from "@/components/ui/dropdown-menu";
> 50 | import {
     | ^^^^^^^^
> 51 |   Tooltip,
     | ^^^^^^^^^^
> 52 |   TooltipContent,
     | ^^^^^^^^^^
> 53 |   TooltipProvider,
     | ^^^^^^^^^^
> 54 |   TooltipTrigger,
     | ^^^^^^^^^^
> 55 | } from "@/components/ui/tooltip";
     | ^^^^^^^^^^^^^^^^^^^^^^^^^^^^^^^^^^
  56 |
  57 | const LAYOUT_ICONS: Record<string, React.ReactNode> = {
  58 |   hierarchical: <Layers className="w-3.5 h-3.5" />,

Import map: aliased to relative './src/components/ui/tooltip' inside of [project
]/


Import traces:
  Client Component Browser:
    ./src/components/graphique/Toolbar.tsx [Client Component Browser]
    ./src/components/graphique/GraphiqueApp.tsx [Client Component Browser]
    ./src/components/graphique/GraphiqueApp.tsx [Server Component]
    ./src/app/page.tsx [Server Component]

  Client Component SSR:
    ./src/components/graphique/Toolbar.tsx [Client Component SSR]
    ./src/components/graphique/GraphiqueApp.tsx [Client Component SSR]
    ./src/components/graphique/GraphiqueApp.tsx [Server Component]
    ./src/app/page.tsx [Server Component]

https://nextjs.org/docs/messages/module-not-found


 GET / 500 in 125ms

